2023-09-27 16:05:15,670 - INFO: Three arguments were received from the command line.
2023-09-27 16:05:20,613 - INFO: Spark session has begun.
2023-09-27 16:05:27,799 - INFO: Two PySpark dataframes were created out of CSV-files. Sensetive information has been omitted.
2023-09-27 16:05:27,973 - INFO: Client records were filtered - and two dataframes were joined using 'id' field as a primary key.
2023-09-27 16:05:28,000 - INFO: Output dataframe columns renamed.
2023-09-27 16:05:30,089 - INFO: Output DataFrame completely matches the expected schema.
2023-09-27 16:05:30,893 - INFO: New data was saved to 'client_data' folder.

2023-09-27 16:08:29,166 - INFO: Three arguments were received from the command line.
2023-09-27 16:08:33,129 - INFO: Spark session has begun.
2023-09-27 16:08:38,391 - INFO: Two PySpark dataframes were created out of CSV-files. Sensetive information has been omitted.
2023-09-27 16:08:38,429 - INFO: Client records were filtered - and two dataframes were joined using 'id' field as a primary key.
2023-09-27 16:08:38,445 - INFO: Output dataframe columns renamed.
2023-09-27 16:08:39,969 - INFO: Output DataFrame completely matches the expected schema.
2023-09-27 16:08:40,730 - INFO: New data was saved to 'client_data' folder.

2023-09-28 08:11:02,515 - INFO: Three arguments were received from the command line.
2023-09-28 08:11:07,172 - INFO: Spark session has begun.
2023-09-28 08:11:13,851 - INFO: Two PySpark dataframes were created out of CSV-files. Sensetive information has been omitted.
2023-09-28 08:11:13,989 - INFO: Client records were filtered - and two dataframes were joined using 'id' field as a primary key.
2023-09-28 08:11:14,013 - INFO: Output dataframe columns renamed.
2023-09-28 08:11:16,654 - INFO: Output DataFrame completely matches the expected schema.
2023-09-28 08:11:17,612 - INFO: New data was saved to 'client_data' folder.

2023-09-28 08:24:37,554 - INFO: Three arguments were received from the command line.
2023-09-28 08:24:41,737 - INFO: Spark session has begun.
2023-09-28 08:24:48,242 - INFO: Two PySpark dataframes were created out of CSV-files. Sensetive information has been omitted.
2023-09-28 08:24:48,313 - INFO: Client records were filtered - and two dataframes were joined using 'id' field as a primary key.
2023-09-28 08:24:48,354 - INFO: Output dataframe columns renamed.
2023-09-28 08:24:50,232 - INFO: Output DataFrame completely matches the expected schema.
2023-09-28 08:24:51,040 - INFO: New data was saved to 'client_data' folder.

2023-09-28 08:34:23,134 - INFO: Three arguments were received from the command line.
2023-09-28 08:34:27,093 - INFO: Spark session has begun.
2023-09-28 08:34:32,819 - INFO: Two PySpark dataframes were created out of CSV-files. Sensetive information has been omitted.
2023-09-28 08:34:32,941 - INFO: Client records were filtered - and two dataframes were joined using 'id' field as a primary key.
2023-09-28 08:34:32,983 - INFO: Output dataframe columns renamed.
2023-09-28 08:34:34,703 - INFO: Output DataFrame completely matches the expected schema.
2023-09-28 08:34:35,548 - INFO: New data was saved to 'client_data' folder.

2023-09-28 08:44:20,531 - INFO: Three arguments were received from the command line.
2023-09-28 08:44:24,132 - INFO: Spark session has begun.
2023-09-28 08:44:29,460 - INFO: Two PySpark dataframes were created out of CSV-files. Sensetive information has been omitted.
2023-09-28 08:44:29,503 - INFO: Client records were filtered - and two dataframes were joined using 'id' field as a primary key.
2023-09-28 08:44:29,535 - INFO: Output dataframe columns renamed.
2023-09-28 08:44:31,181 - INFO: Output DataFrame completely matches the expected schema.
2023-09-28 08:44:31,831 - INFO: New data was saved to 'client_data' folder.

2023-09-28 08:50:39,032 - INFO: Three arguments were received from the command line.
2023-09-28 08:50:43,160 - INFO: Spark session has begun.
2023-09-28 08:50:49,680 - INFO: Two PySpark dataframes were created out of CSV-files. Sensetive information has been omitted.
2023-09-28 08:50:49,738 - INFO: Client records were filtered - and two dataframes were joined using 'id' field as a primary key.
2023-09-28 08:50:49,758 - INFO: Output dataframe columns renamed.
2023-09-28 08:50:51,692 - INFO: Output DataFrame completely matches the expected schema.
2023-09-28 08:50:52,469 - INFO: New data was saved to 'client_data' folder.

